<?xml version="1.0" encoding="UTF-8"?>
<!-- Generated by org.testng.reporters.JUnitReportReporter -->
<testsuite skipped="0" hostname="DESKTOP-NKFV48U" name="com.sanity.testcases.WOC_PortalTest" tests="1" failures="0" timestamp="27 Nov 2019 12:48:17 GMT" time="544.304" errors="0">
  <testcase name="UserDefinedTestCase" time="544.304" classname="com.sanity.testcases.WOC_PortalTest"/>
</testsuite> <!-- com.sanity.testcases.WOC_PortalTest -->
