<?xml version="1.0" encoding="UTF-8"?>
<!-- Generated by org.testng.reporters.JUnitReportReporter -->
<testsuite skipped="0" hostname="DESKTOP-NKFV48U" name="com.sanity.testcases.WOC_AusCustTest" tests="1" failures="0" timestamp="26 Nov 2019 10:06:19 GMT" time="46.609" errors="0">
  <testcase name="UserDefinedTestCase" time="46.609" classname="com.sanity.testcases.WOC_AusCustTest"/>
</testsuite> <!-- com.sanity.testcases.WOC_AusCustTest -->
